mode: set
popov.artem/task-6/internal/wifi/WiFiHandle.go:14.66,20.14 4 1
popov.artem/task-6/internal/wifi/WiFiHandle.go:20.14,22.9 2 1
popov.artem/task-6/internal/wifi/WiFiHandle.go:22.9,24.4 1 1
popov.artem/task-6/internal/wifi/WiFiHandle.go:27.2,28.16 2 1
popov.artem/task-6/internal/wifi/WiFiHandle.go:28.16,30.3 1 1
popov.artem/task-6/internal/wifi/WiFiHandle.go:32.2,32.20 1 1
popov.artem/task-6/internal/wifi/wifi.go:18.59,20.2 1 1
popov.artem/task-6/internal/wifi/wifi.go:22.78,24.16 2 1
popov.artem/task-6/internal/wifi/wifi.go:24.16,26.3 1 1
popov.artem/task-6/internal/wifi/wifi.go:28.2,30.35 2 1
popov.artem/task-6/internal/wifi/wifi.go:30.35,32.3 1 1
popov.artem/task-6/internal/wifi/wifi.go:34.2,34.18 1 1
popov.artem/task-6/internal/wifi/wifi.go:37.70,39.16 2 1
popov.artem/task-6/internal/wifi/wifi.go:39.16,41.3 1 1
popov.artem/task-6/internal/wifi/wifi.go:43.2,45.35 2 1
popov.artem/task-6/internal/wifi/wifi.go:45.35,47.3 1 1
popov.artem/task-6/internal/wifi/wifi.go:49.2,49.19 1 1
popov.artem/task-6/internal/db/db.go:16.43,18.2 1 1
popov.artem/task-6/internal/db/db.go:20.58,24.16 3 1
popov.artem/task-6/internal/db/db.go:24.16,26.3 1 1
popov.artem/task-6/internal/db/db.go:27.2,30.18 3 1
popov.artem/task-6/internal/db/db.go:30.18,32.42 2 1
popov.artem/task-6/internal/db/db.go:32.42,34.4 1 1
popov.artem/task-6/internal/db/db.go:35.3,35.30 1 1
popov.artem/task-6/internal/db/db.go:38.2,38.35 1 1
popov.artem/task-6/internal/db/db.go:38.35,40.3 1 1
popov.artem/task-6/internal/db/db.go:42.2,42.19 1 1
popov.artem/task-6/internal/db/db.go:45.63,49.16 3 1
popov.artem/task-6/internal/db/db.go:49.16,51.3 1 1
popov.artem/task-6/internal/db/db.go:52.2,55.18 3 1
popov.artem/task-6/internal/db/db.go:55.18,57.42 2 1
popov.artem/task-6/internal/db/db.go:57.42,59.4 1 1
popov.artem/task-6/internal/db/db.go:60.3,60.42 1 1
popov.artem/task-6/internal/db/db.go:63.2,63.35 1 1
popov.artem/task-6/internal/db/db.go:63.35,65.3 1 1
popov.artem/task-6/internal/db/db.go:67.2,67.25 1 1
