mode: set
popov.artem/task-6/internal/wifi/WiFiHandle.go:14.66,20.14 4 1
popov.artem/task-6/internal/wifi/WiFiHandle.go:20.14,22.9 2 1
popov.artem/task-6/internal/wifi/WiFiHandle.go:22.9,24.4 1 1
popov.artem/task-6/internal/wifi/WiFiHandle.go:27.2,28.16 2 1
popov.artem/task-6/internal/wifi/WiFiHandle.go:28.16,30.3 1 1
popov.artem/task-6/internal/wifi/WiFiHandle.go:32.2,32.20 1 1
popov.artem/task-6/internal/wifi/wifi.go:22.56,24.2 1 1
popov.artem/task-6/internal/wifi/wifi.go:27.13,31.2 3 1
popov.artem/task-6/internal/wifi/wifi.go:34.78,35.21 1 1
popov.artem/task-6/internal/wifi/wifi.go:35.21,37.3 1 1
popov.artem/task-6/internal/wifi/wifi.go:39.2,40.16 2 1
popov.artem/task-6/internal/wifi/wifi.go:40.16,42.3 1 1
popov.artem/task-6/internal/wifi/wifi.go:44.2,45.35 2 1
popov.artem/task-6/internal/wifi/wifi.go:45.35,47.3 1 1
popov.artem/task-6/internal/wifi/wifi.go:49.2,49.18 1 1
popov.artem/task-6/internal/wifi/wifi.go:53.70,54.21 1 1
popov.artem/task-6/internal/wifi/wifi.go:54.21,56.3 1 1
popov.artem/task-6/internal/wifi/wifi.go:58.2,59.16 2 1
popov.artem/task-6/internal/wifi/wifi.go:59.16,61.3 1 1
popov.artem/task-6/internal/wifi/wifi.go:63.2,64.35 2 1
popov.artem/task-6/internal/wifi/wifi.go:64.35,66.3 1 1
popov.artem/task-6/internal/wifi/wifi.go:68.2,68.19 1 1
popov.artem/task-6/internal/db/db.go:19.43,21.2 1 1
popov.artem/task-6/internal/db/db.go:25.13,28.2 1 1
popov.artem/task-6/internal/db/db.go:31.58,35.16 3 1
popov.artem/task-6/internal/db/db.go:35.16,37.3 1 1
popov.artem/task-6/internal/db/db.go:38.2,41.18 3 1
popov.artem/task-6/internal/db/db.go:41.18,43.42 2 1
popov.artem/task-6/internal/db/db.go:43.42,45.4 1 1
popov.artem/task-6/internal/db/db.go:46.3,46.30 1 1
popov.artem/task-6/internal/db/db.go:49.2,49.35 1 1
popov.artem/task-6/internal/db/db.go:49.35,51.3 1 1
popov.artem/task-6/internal/db/db.go:53.2,53.19 1 1
popov.artem/task-6/internal/db/db.go:57.63,61.16 3 1
popov.artem/task-6/internal/db/db.go:61.16,63.3 1 1
popov.artem/task-6/internal/db/db.go:64.2,67.18 3 1
popov.artem/task-6/internal/db/db.go:67.18,69.42 2 1
popov.artem/task-6/internal/db/db.go:69.42,71.4 1 1
popov.artem/task-6/internal/db/db.go:72.3,72.42 1 1
popov.artem/task-6/internal/db/db.go:75.2,75.35 1 1
popov.artem/task-6/internal/db/db.go:75.35,77.3 1 1
popov.artem/task-6/internal/db/db.go:79.2,79.25 1 1
