mode: set
github.com/task-6/internal/db/db.go:16.33,18.2 1 1
github.com/task-6/internal/db/db.go:20.55,24.19 3 1
github.com/task-6/internal/db/db.go:27.5,31.21 3 1
github.com/task-6/internal/db/db.go:41.5,41.38 1 1
github.com/task-6/internal/db/db.go:45.5,45.22 1 1
github.com/task-6/internal/db/db.go:24.19,26.6 1 1
github.com/task-6/internal/db/db.go:31.21,34.48 2 1
github.com/task-6/internal/db/db.go:38.9,38.36 1 1
github.com/task-6/internal/db/db.go:34.48,36.10 1 1
github.com/task-6/internal/db/db.go:41.38,43.6 1 1
github.com/task-6/internal/db/db.go:48.61,52.19 3 1
github.com/task-6/internal/db/db.go:55.5,59.21 3 1
github.com/task-6/internal/db/db.go:69.5,69.38 1 1
github.com/task-6/internal/db/db.go:73.5,73.23 1 1
github.com/task-6/internal/db/db.go:52.19,54.6 1 1
github.com/task-6/internal/db/db.go:59.21,62.49 2 1
github.com/task-6/internal/db/db.go:66.9,66.39 1 1
github.com/task-6/internal/db/db.go:62.49,64.10 1 1
github.com/task-6/internal/db/db.go:69.38,71.6 1 1
